d385e578-221c-4ec0-9582-dff10ccb0780
    Bridge pri
        Controller "tcp:127.0.0.1:6653"
            is_connected: true
        fail_mode: secure
        Port ctrl-pri
            Interface ctrl-pri
        Port "enx645aedf345fa"
            Interface "enx645aedf345fa"
        Port "pri-eth31"
            Interface "pri-eth31"
        Port "pri-eth30"
            Interface "pri-eth30"
        Port "mirror-3"
            Interface "mirror-3"
        Port pri
            Interface pri
                type: internal
    Bridge ctrl-br
        Port ctrl-swx
            Interface ctrl-swx
        Port ctrl-br
            Interface ctrl-br
                type: internal
        Port ctrl-alt
            Interface ctrl-alt
        Port "enxb49cdff33ad9"
            Interface "enxb49cdff33ad9"
    Bridge sec
        Controller "tcp:127.0.0.1:6653"
        fail_mode: secure
        Port faux
            Interface faux
                error: "could not open network device faux (No such device)"
        Port "sec-6"
            Interface "sec-6"
                error: "could not open network device sec-6 (No such device)"
        Port "sec-2"
            Interface "sec-2"
                error: "could not open network device sec-2 (No such device)"
        Port "sec-5"
            Interface "sec-5"
                error: "could not open network device sec-5 (No such device)"
        Port "sec-eth7"
            Interface "sec-eth7"
                error: "could not open network device sec-eth7 (No such device)"
        Port "sec-3"
            Interface "sec-3"
                error: "could not open network device sec-3 (No such device)"
        Port sec
            Interface sec
                type: internal
        Port "sec-4"
            Interface "sec-4"
                error: "could not open network device sec-4 (No such device)"
    ovs_version: "2.10.1"

1: lo: <LOOPBACK,UP,LOWER_UP> mtu 65536 qdisc noqueue state UNKNOWN mode DEFAULT group default qlen 1
    link/loopback 00:00:00:00:00:00 brd 00:00:00:00:00:00
2: enp0s31f6: <NO-CARRIER,BROADCAST,MULTICAST,UP> mtu 1500 qdisc pfifo_fast state DOWN mode DEFAULT group default qlen 1000
    link/ether f8:ca:b8:3f:d1:70 brd ff:ff:ff:ff:ff:ff
3: enxb49cdff33ad9: <BROADCAST,MULTICAST,UP,LOWER_UP> mtu 1500 qdisc pfifo_fast master ovs-system state UP mode DEFAULT group default qlen 1000
    link/ether b4:9c:df:f3:3a:d9 brd ff:ff:ff:ff:ff:ff
4: enx645aedf345fa: <BROADCAST,MULTICAST,UP,LOWER_UP> mtu 1500 qdisc pfifo_fast master ovs-system state UP mode DEFAULT group default qlen 1000
    link/ether 64:5a:ed:f3:45:fa brd ff:ff:ff:ff:ff:ff
5: ovs-system: <BROADCAST,MULTICAST> mtu 1500 qdisc noop state DOWN mode DEFAULT group default qlen 1000
    link/ether fa:0a:29:ee:a6:af brd ff:ff:ff:ff:ff:ff
8: sec: <BROADCAST,MULTICAST> mtu 1500 qdisc noop state DOWN mode DEFAULT group default qlen 1000
    link/ether 3a:03:83:e8:e8:4b brd ff:ff:ff:ff:ff:ff
9: wlp1s0: <BROADCAST,MULTICAST,UP,LOWER_UP> mtu 1500 qdisc mq state UP mode DORMANT group default qlen 1000
    link/ether d8:0f:99:3a:1d:63 brd ff:ff:ff:ff:ff:ff
10: docker0: <BROADCAST,MULTICAST,UP,LOWER_UP> mtu 1500 qdisc noqueue state UP mode DEFAULT group default 
    link/ether 02:42:36:cf:51:a4 brd ff:ff:ff:ff:ff:ff
2223: ctrl-alt@ctrl-pri: <BROADCAST,MULTICAST,UP,LOWER_UP> mtu 1500 qdisc noqueue master ovs-system state UP mode DEFAULT group default qlen 1000
    link/ether 6a:58:24:87:94:05 brd ff:ff:ff:ff:ff:ff
2224: ctrl-pri@ctrl-alt: <BROADCAST,MULTICAST,UP,LOWER_UP> mtu 1500 qdisc noqueue master ovs-system state UP mode DEFAULT group default qlen 1000
    link/ether 86:6b:6c:b0:6b:00 brd ff:ff:ff:ff:ff:ff
2225: ctrl-swy@ctrl-swx: <BROADCAST,MULTICAST,UP,LOWER_UP> mtu 1500 qdisc noqueue state UP mode DEFAULT group default qlen 1000
    link/ether b4:9c:df:f3:3a:d9 brd ff:ff:ff:ff:ff:ff
2226: ctrl-swx@ctrl-swy: <BROADCAST,MULTICAST,UP,LOWER_UP> mtu 1500 qdisc noqueue master ovs-system state UP mode DEFAULT group default qlen 1000
    link/ether 8e:ae:91:df:a0:e8 brd ff:ff:ff:ff:ff:ff
2227: ctrl-br: <BROADCAST,MULTICAST> mtu 1500 qdisc noop state DOWN mode DEFAULT group default qlen 1000
    link/ether b4:9c:df:f3:3a:d9 brd ff:ff:ff:ff:ff:ff
2229: veth743ea0a@if2228: <BROADCAST,MULTICAST,UP,LOWER_UP> mtu 1500 qdisc noqueue master docker0 state UP mode DEFAULT group default 
    link/ether 8e:89:d4:7e:b5:60 brd ff:ff:ff:ff:ff:ff link-netnsid 0
2230: pri: <BROADCAST,MULTICAST> mtu 1500 qdisc noop state DOWN mode DEFAULT group default qlen 1000
    link/ether 64:5a:ed:f3:45:fa brd ff:ff:ff:ff:ff:ff
2232: vethad9c7ff@if2231: <BROADCAST,MULTICAST,UP,LOWER_UP> mtu 1500 qdisc noqueue master docker0 state UP mode DEFAULT group default 
    link/ether 96:05:9b:04:fc:f0 brd ff:ff:ff:ff:ff:ff link-netnsid 1
2234: pri-eth30@if2233: <BROADCAST,MULTICAST,UP,LOWER_UP> mtu 1500 qdisc noqueue master ovs-system state UP mode DEFAULT group default qlen 1000
    link/ether 32:50:90:4d:7e:8b brd ff:ff:ff:ff:ff:ff link-netnsid 1
2236: pri-eth31@if2235: <BROADCAST,MULTICAST,UP,LOWER_UP> mtu 1500 qdisc noqueue master ovs-system state UP mode DEFAULT group default qlen 1000
    link/ether f6:94:08:f2:76:c5 brd ff:ff:ff:ff:ff:ff link-netnsid 2
2237: mirror-3-ext@mirror-3: <BROADCAST,MULTICAST,UP,LOWER_UP> mtu 1500 qdisc noqueue state UP mode DEFAULT group default qlen 1000
    link/ether b6:9e:34:ff:e6:7b brd ff:ff:ff:ff:ff:ff
2238: mirror-3@mirror-3-ext: <BROADCAST,MULTICAST,UP,LOWER_UP> mtu 1500 qdisc noqueue master ovs-system state UP mode DEFAULT group default qlen 1000
    link/ether be:e5:54:a6:32:5e brd ff:ff:ff:ff:ff:ff
