d385e578-221c-4ec0-9582-dff10ccb0780
    Bridge pri
        Controller "tcp:127.0.0.1:6653"
            is_connected: true
        fail_mode: secure
        Port "pri-eth41"
            Interface "pri-eth41"
        Port ctrl-pri
            Interface ctrl-pri
        Port "enx645aedf345fa"
            Interface "enx645aedf345fa"
        Port "pri-eth40"
            Interface "pri-eth40"
        Port pri
            Interface pri
                type: internal
        Port "mirror-4"
            Interface "mirror-4"
        Port "mirror-3"
            Interface "mirror-3"
                error: "could not open network device mirror-3 (No such device)"
    Bridge ctrl-br
        Port ctrl-swx
            Interface ctrl-swx
        Port "enxb49cdff33ad9"
            Interface "enxb49cdff33ad9"
        Port ctrl-alt
            Interface ctrl-alt
        Port ctrl-br
            Interface ctrl-br
                type: internal
    Bridge sec
        Controller "tcp:127.0.0.1:6653"
        fail_mode: secure
        Port faux
            Interface faux
                error: "could not open network device faux (No such device)"
        Port "sec-6"
            Interface "sec-6"
                error: "could not open network device sec-6 (No such device)"
        Port "sec-2"
            Interface "sec-2"
                error: "could not open network device sec-2 (No such device)"
        Port "sec-5"
            Interface "sec-5"
                error: "could not open network device sec-5 (No such device)"
        Port "sec-eth7"
            Interface "sec-eth7"
                error: "could not open network device sec-eth7 (No such device)"
        Port "sec-3"
            Interface "sec-3"
                error: "could not open network device sec-3 (No such device)"
        Port sec
            Interface sec
                type: internal
        Port "sec-4"
            Interface "sec-4"
                error: "could not open network device sec-4 (No such device)"
    ovs_version: "2.10.1"

1: lo: <LOOPBACK,UP,LOWER_UP> mtu 65536 qdisc noqueue state UNKNOWN mode DEFAULT group default qlen 1
    link/loopback 00:00:00:00:00:00 brd 00:00:00:00:00:00
2: enp0s31f6: <NO-CARRIER,BROADCAST,MULTICAST,UP> mtu 1500 qdisc pfifo_fast state DOWN mode DEFAULT group default qlen 1000
    link/ether f8:ca:b8:3f:d1:70 brd ff:ff:ff:ff:ff:ff
3: enxb49cdff33ad9: <BROADCAST,MULTICAST,UP,LOWER_UP> mtu 1500 qdisc pfifo_fast master ovs-system state UP mode DEFAULT group default qlen 1000
    link/ether b4:9c:df:f3:3a:d9 brd ff:ff:ff:ff:ff:ff
4: enx645aedf345fa: <BROADCAST,MULTICAST,UP,LOWER_UP> mtu 1500 qdisc pfifo_fast master ovs-system state UP mode DEFAULT group default qlen 1000
    link/ether 64:5a:ed:f3:45:fa brd ff:ff:ff:ff:ff:ff
5: ovs-system: <BROADCAST,MULTICAST> mtu 1500 qdisc noop state DOWN mode DEFAULT group default qlen 1000
    link/ether fa:0a:29:ee:a6:af brd ff:ff:ff:ff:ff:ff
8: sec: <BROADCAST,MULTICAST> mtu 1500 qdisc noop state DOWN mode DEFAULT group default qlen 1000
    link/ether 3a:03:83:e8:e8:4b brd ff:ff:ff:ff:ff:ff
9: wlp1s0: <BROADCAST,MULTICAST,UP,LOWER_UP> mtu 1500 qdisc mq state UP mode DORMANT group default qlen 1000
    link/ether d8:0f:99:3a:1d:63 brd ff:ff:ff:ff:ff:ff
10: docker0: <BROADCAST,MULTICAST,UP,LOWER_UP> mtu 1500 qdisc noqueue state UP mode DEFAULT group default 
    link/ether 02:42:36:cf:51:a4 brd ff:ff:ff:ff:ff:ff
2119: ctrl-alt@ctrl-pri: <BROADCAST,MULTICAST,UP,LOWER_UP> mtu 1500 qdisc noqueue master ovs-system state UP mode DEFAULT group default qlen 1000
    link/ether 16:39:ca:d1:ae:bc brd ff:ff:ff:ff:ff:ff
2120: ctrl-pri@ctrl-alt: <BROADCAST,MULTICAST,UP,LOWER_UP> mtu 1500 qdisc noqueue master ovs-system state UP mode DEFAULT group default qlen 1000
    link/ether 72:e7:50:7b:db:e3 brd ff:ff:ff:ff:ff:ff
2121: ctrl-swy@ctrl-swx: <BROADCAST,MULTICAST,UP,LOWER_UP> mtu 1500 qdisc noqueue state UP mode DEFAULT group default qlen 1000
    link/ether b4:9c:df:f3:3a:d9 brd ff:ff:ff:ff:ff:ff
2122: ctrl-swx@ctrl-swy: <BROADCAST,MULTICAST,UP,LOWER_UP> mtu 1500 qdisc noqueue master ovs-system state UP mode DEFAULT group default qlen 1000
    link/ether ca:aa:19:ff:2c:d0 brd ff:ff:ff:ff:ff:ff
2123: ctrl-br: <BROADCAST,MULTICAST> mtu 1500 qdisc noop state DOWN mode DEFAULT group default qlen 1000
    link/ether b4:9c:df:f3:3a:d9 brd ff:ff:ff:ff:ff:ff
2125: veth15bc5d8@if2124: <BROADCAST,MULTICAST,UP,LOWER_UP> mtu 1500 qdisc noqueue master docker0 state UP mode DEFAULT group default 
    link/ether de:5d:7f:12:26:1c brd ff:ff:ff:ff:ff:ff link-netnsid 0
2126: pri: <BROADCAST,MULTICAST> mtu 1500 qdisc noop state DOWN mode DEFAULT group default qlen 1000
    link/ether 64:5a:ed:f3:45:fa brd ff:ff:ff:ff:ff:ff
2136: vethed95b70@if2135: <BROADCAST,MULTICAST,UP,LOWER_UP> mtu 1500 qdisc noqueue master docker0 state UP mode DEFAULT group default 
    link/ether 46:a9:3e:a7:29:42 brd ff:ff:ff:ff:ff:ff link-netnsid 3
2138: pri-eth40@if2137: <BROADCAST,MULTICAST,UP,LOWER_UP> mtu 1500 qdisc noqueue master ovs-system state UP mode DEFAULT group default qlen 1000
    link/ether 36:c9:bc:ee:1d:81 brd ff:ff:ff:ff:ff:ff link-netnsid 3
2140: pri-eth41@if2139: <BROADCAST,MULTICAST,UP,LOWER_UP> mtu 1500 qdisc noqueue master ovs-system state UP mode DEFAULT group default qlen 1000
    link/ether e2:ea:8a:28:d8:9b brd ff:ff:ff:ff:ff:ff link-netnsid 4
2141: mirror-4-ext@mirror-4: <BROADCAST,MULTICAST,UP,LOWER_UP> mtu 1500 qdisc noqueue state UP mode DEFAULT group default qlen 1000
    link/ether aa:a6:bb:2e:0b:33 brd ff:ff:ff:ff:ff:ff
2142: mirror-4@mirror-4-ext: <BROADCAST,MULTICAST,UP,LOWER_UP> mtu 1500 qdisc noqueue master ovs-system state UP mode DEFAULT group default qlen 1000
    link/ether f2:78:56:45:78:fe brd ff:ff:ff:ff:ff:ff
