d385e578-221c-4ec0-9582-dff10ccb0780
    Bridge ctrl-br
        Port ctrl-swx
            Interface ctrl-swx
        Port ctrl-br
            Interface ctrl-br
                type: internal
        Port "enxb49cdff33ad9"
            Interface "enxb49cdff33ad9"
        Port ctrl-alt
            Interface ctrl-alt
    Bridge pri
        Controller "tcp:127.0.0.1:6653"
            is_connected: true
        fail_mode: secure
        Port pri
            Interface pri
                type: internal
        Port "mirror-4"
            Interface "mirror-4"
        Port "pri-eth30"
            Interface "pri-eth30"
        Port ctrl-pri
            Interface ctrl-pri
        Port "mirror-3"
            Interface "mirror-3"
        Port "pri-eth41"
            Interface "pri-eth41"
        Port "pri-eth31"
            Interface "pri-eth31"
        Port "enx645aedf345fa"
            Interface "enx645aedf345fa"
        Port "pri-eth40"
            Interface "pri-eth40"
        Port "pri-eth32"
            Interface "pri-eth32"
    Bridge sec
        Controller "tcp:127.0.0.1:6653"
        fail_mode: secure
        Port faux
            Interface faux
                error: "could not open network device faux (No such device)"
        Port "sec-6"
            Interface "sec-6"
                error: "could not open network device sec-6 (No such device)"
        Port "sec-2"
            Interface "sec-2"
                error: "could not open network device sec-2 (No such device)"
        Port "sec-5"
            Interface "sec-5"
                error: "could not open network device sec-5 (No such device)"
        Port "sec-eth7"
            Interface "sec-eth7"
                error: "could not open network device sec-eth7 (No such device)"
        Port "sec-3"
            Interface "sec-3"
                error: "could not open network device sec-3 (No such device)"
        Port sec
            Interface sec
                type: internal
        Port "sec-4"
            Interface "sec-4"
                error: "could not open network device sec-4 (No such device)"
    ovs_version: "2.10.1"

1: lo: <LOOPBACK,UP,LOWER_UP> mtu 65536 qdisc noqueue state UNKNOWN mode DEFAULT group default qlen 1
    link/loopback 00:00:00:00:00:00 brd 00:00:00:00:00:00
2: enp0s31f6: <NO-CARRIER,BROADCAST,MULTICAST,UP> mtu 1500 qdisc pfifo_fast state DOWN mode DEFAULT group default qlen 1000
    link/ether f8:ca:b8:3f:d1:70 brd ff:ff:ff:ff:ff:ff
3: enxb49cdff33ad9: <BROADCAST,MULTICAST,UP,LOWER_UP> mtu 1500 qdisc pfifo_fast master ovs-system state UP mode DEFAULT group default qlen 1000
    link/ether b4:9c:df:f3:3a:d9 brd ff:ff:ff:ff:ff:ff
4: enx645aedf345fa: <BROADCAST,MULTICAST,UP,LOWER_UP> mtu 1500 qdisc pfifo_fast master ovs-system state UP mode DEFAULT group default qlen 1000
    link/ether 64:5a:ed:f3:45:fa brd ff:ff:ff:ff:ff:ff
5: ovs-system: <BROADCAST,MULTICAST> mtu 1500 qdisc noop state DOWN mode DEFAULT group default qlen 1000
    link/ether fa:0a:29:ee:a6:af brd ff:ff:ff:ff:ff:ff
8: sec: <BROADCAST,MULTICAST> mtu 1500 qdisc noop state DOWN mode DEFAULT group default qlen 1000
    link/ether 3a:03:83:e8:e8:4b brd ff:ff:ff:ff:ff:ff
9: wlp1s0: <BROADCAST,MULTICAST,UP,LOWER_UP> mtu 1500 qdisc mq state UP mode DORMANT group default qlen 1000
    link/ether d8:0f:99:3a:1d:63 brd ff:ff:ff:ff:ff:ff
10: docker0: <BROADCAST,MULTICAST,UP,LOWER_UP> mtu 1500 qdisc noqueue state UP mode DEFAULT group default 
    link/ether 02:42:36:cf:51:a4 brd ff:ff:ff:ff:ff:ff
2629: pri: <BROADCAST,MULTICAST> mtu 1500 qdisc noop state DOWN mode DEFAULT group default qlen 1000
    link/ether 64:5a:ed:f3:45:fa brd ff:ff:ff:ff:ff:ff
2667: ctrl-alt@ctrl-pri: <BROADCAST,MULTICAST,UP,LOWER_UP> mtu 1500 qdisc noqueue master ovs-system state UP mode DEFAULT group default qlen 1000
    link/ether 56:f1:50:14:c4:ce brd ff:ff:ff:ff:ff:ff
2668: ctrl-pri@ctrl-alt: <BROADCAST,MULTICAST,UP,LOWER_UP> mtu 1500 qdisc noqueue master ovs-system state UP mode DEFAULT group default qlen 1000
    link/ether d2:46:84:bf:95:b9 brd ff:ff:ff:ff:ff:ff
2669: ctrl-swy@ctrl-swx: <BROADCAST,MULTICAST,UP,LOWER_UP> mtu 1500 qdisc noqueue state UP mode DEFAULT group default qlen 1000
    link/ether b4:9c:df:f3:3a:d9 brd ff:ff:ff:ff:ff:ff
2670: ctrl-swx@ctrl-swy: <BROADCAST,MULTICAST,UP,LOWER_UP> mtu 1500 qdisc noqueue master ovs-system state UP mode DEFAULT group default qlen 1000
    link/ether ce:69:9e:44:65:b9 brd ff:ff:ff:ff:ff:ff
2671: ctrl-br: <BROADCAST,MULTICAST> mtu 1500 qdisc noop state DOWN mode DEFAULT group default qlen 1000
    link/ether b4:9c:df:f3:3a:d9 brd ff:ff:ff:ff:ff:ff
2673: vethf69f183@if2672: <BROADCAST,MULTICAST,UP,LOWER_UP> mtu 1500 qdisc noqueue master docker0 state UP mode DEFAULT group default 
    link/ether d6:57:55:1e:4b:09 brd ff:ff:ff:ff:ff:ff link-netnsid 0
2675: veth32fe48a@if2674: <BROADCAST,MULTICAST,UP,LOWER_UP> mtu 1500 qdisc noqueue master docker0 state UP mode DEFAULT group default 
    link/ether 76:f3:29:74:4e:b9 brd ff:ff:ff:ff:ff:ff link-netnsid 1
2677: pri-eth40@if2676: <BROADCAST,MULTICAST,UP,LOWER_UP> mtu 1500 qdisc noqueue master ovs-system state UP mode DEFAULT group default qlen 1000
    link/ether fe:fb:fa:67:73:6a brd ff:ff:ff:ff:ff:ff link-netnsid 1
2679: pri-eth41@if2678: <BROADCAST,MULTICAST,UP,LOWER_UP> mtu 1500 qdisc noqueue master ovs-system state UP mode DEFAULT group default qlen 1000
    link/ether 02:1a:d2:09:99:15 brd ff:ff:ff:ff:ff:ff link-netnsid 2
2680: mirror-4-ext@mirror-4: <BROADCAST,MULTICAST,UP,LOWER_UP> mtu 1500 qdisc noqueue state UP mode DEFAULT group default qlen 1000
    link/ether 76:d8:81:d3:1a:c4 brd ff:ff:ff:ff:ff:ff
2681: mirror-4@mirror-4-ext: <BROADCAST,MULTICAST,UP,LOWER_UP> mtu 1500 qdisc noqueue master ovs-system state UP mode DEFAULT group default qlen 1000
    link/ether ea:31:18:df:77:97 brd ff:ff:ff:ff:ff:ff
2683: vethf3d5dcf@if2682: <BROADCAST,MULTICAST,UP,LOWER_UP> mtu 1500 qdisc noqueue master docker0 state UP mode DEFAULT group default 
    link/ether 6a:82:f5:0d:c4:4f brd ff:ff:ff:ff:ff:ff link-netnsid 4
2685: pri-eth30@if2684: <BROADCAST,MULTICAST,UP,LOWER_UP> mtu 1500 qdisc noqueue master ovs-system state UP mode DEFAULT group default qlen 1000
    link/ether 3e:69:d1:2a:05:91 brd ff:ff:ff:ff:ff:ff link-netnsid 4
2687: pri-eth31@if2686: <BROADCAST,MULTICAST,UP,LOWER_UP> mtu 1500 qdisc noqueue master ovs-system state UP mode DEFAULT group default qlen 1000
    link/ether 2e:45:15:5c:32:ee brd ff:ff:ff:ff:ff:ff link-netnsid 5
2688: mirror-3-ext@mirror-3: <BROADCAST,MULTICAST,UP,LOWER_UP> mtu 1500 qdisc noqueue state UP mode DEFAULT group default qlen 1000
    link/ether 5e:fb:36:bc:3e:49 brd ff:ff:ff:ff:ff:ff
2689: mirror-3@mirror-3-ext: <BROADCAST,MULTICAST,UP,LOWER_UP> mtu 1500 qdisc noqueue master ovs-system state UP mode DEFAULT group default qlen 1000
    link/ether 4e:21:49:73:a4:9b brd ff:ff:ff:ff:ff:ff
2695: pri-eth32@if2694: <BROADCAST,MULTICAST,UP,LOWER_UP> mtu 1500 qdisc noqueue master ovs-system state UP mode DEFAULT group default qlen 1000
    link/ether 42:9c:e9:b3:53:03 brd ff:ff:ff:ff:ff:ff link-netnsid 3
