d385e578-221c-4ec0-9582-dff10ccb0780
    Bridge pri
        Controller "tcp:127.0.0.1:6653"
            is_connected: true
        fail_mode: secure
        Port "mirror-4"
            Interface "mirror-4"
        Port "enx645aedf345fa"
            Interface "enx645aedf345fa"
        Port "pri-eth40"
            Interface "pri-eth40"
        Port ctrl-pri
            Interface ctrl-pri
        Port "pri-eth41"
            Interface "pri-eth41"
        Port "mirror-3"
            Interface "mirror-3"
                error: "could not open network device mirror-3 (No such device)"
        Port pri
            Interface pri
                type: internal
    Bridge ctrl-br
        Port ctrl-br
            Interface ctrl-br
                type: internal
        Port ctrl-alt
            Interface ctrl-alt
        Port ctrl-swx
            Interface ctrl-swx
        Port "enxb49cdff33ad9"
            Interface "enxb49cdff33ad9"
    Bridge sec
        Controller "tcp:127.0.0.1:6653"
        fail_mode: secure
        Port faux
            Interface faux
                error: "could not open network device faux (No such device)"
        Port "sec-6"
            Interface "sec-6"
                error: "could not open network device sec-6 (No such device)"
        Port "sec-2"
            Interface "sec-2"
                error: "could not open network device sec-2 (No such device)"
        Port "sec-5"
            Interface "sec-5"
                error: "could not open network device sec-5 (No such device)"
        Port "sec-eth7"
            Interface "sec-eth7"
                error: "could not open network device sec-eth7 (No such device)"
        Port "sec-3"
            Interface "sec-3"
                error: "could not open network device sec-3 (No such device)"
        Port sec
            Interface sec
                type: internal
        Port "sec-4"
            Interface "sec-4"
                error: "could not open network device sec-4 (No such device)"
    ovs_version: "2.10.1"

1: lo: <LOOPBACK,UP,LOWER_UP> mtu 65536 qdisc noqueue state UNKNOWN mode DEFAULT group default qlen 1
    link/loopback 00:00:00:00:00:00 brd 00:00:00:00:00:00
2: enp0s31f6: <NO-CARRIER,BROADCAST,MULTICAST,UP> mtu 1500 qdisc pfifo_fast state DOWN mode DEFAULT group default qlen 1000
    link/ether f8:ca:b8:3f:d1:70 brd ff:ff:ff:ff:ff:ff
3: enxb49cdff33ad9: <BROADCAST,MULTICAST,UP,LOWER_UP> mtu 1500 qdisc pfifo_fast master ovs-system state UP mode DEFAULT group default qlen 1000
    link/ether b4:9c:df:f3:3a:d9 brd ff:ff:ff:ff:ff:ff
4: enx645aedf345fa: <BROADCAST,MULTICAST,UP,LOWER_UP> mtu 1500 qdisc pfifo_fast master ovs-system state UP mode DEFAULT group default qlen 1000
    link/ether 64:5a:ed:f3:45:fa brd ff:ff:ff:ff:ff:ff
5: ovs-system: <BROADCAST,MULTICAST> mtu 1500 qdisc noop state DOWN mode DEFAULT group default qlen 1000
    link/ether fa:0a:29:ee:a6:af brd ff:ff:ff:ff:ff:ff
8: sec: <BROADCAST,MULTICAST> mtu 1500 qdisc noop state DOWN mode DEFAULT group default qlen 1000
    link/ether 3a:03:83:e8:e8:4b brd ff:ff:ff:ff:ff:ff
9: wlp1s0: <BROADCAST,MULTICAST,UP,LOWER_UP> mtu 1500 qdisc mq state UP mode DORMANT group default qlen 1000
    link/ether d8:0f:99:3a:1d:63 brd ff:ff:ff:ff:ff:ff
10: docker0: <BROADCAST,MULTICAST,UP,LOWER_UP> mtu 1500 qdisc noqueue state UP mode DEFAULT group default 
    link/ether 02:42:36:cf:51:a4 brd ff:ff:ff:ff:ff:ff
3455: ctrl-alt@ctrl-pri: <BROADCAST,MULTICAST,UP,LOWER_UP> mtu 1500 qdisc noqueue master ovs-system state UP mode DEFAULT group default qlen 1000
    link/ether 5a:44:69:d0:9b:07 brd ff:ff:ff:ff:ff:ff
3456: ctrl-pri@ctrl-alt: <BROADCAST,MULTICAST,UP,LOWER_UP> mtu 1500 qdisc noqueue master ovs-system state UP mode DEFAULT group default qlen 1000
    link/ether 96:6d:1d:26:49:17 brd ff:ff:ff:ff:ff:ff
3457: ctrl-swy@ctrl-swx: <BROADCAST,MULTICAST,UP,LOWER_UP> mtu 1500 qdisc noqueue state UP mode DEFAULT group default qlen 1000
    link/ether b4:9c:df:f3:3a:d9 brd ff:ff:ff:ff:ff:ff
3458: ctrl-swx@ctrl-swy: <BROADCAST,MULTICAST,UP,LOWER_UP> mtu 1500 qdisc noqueue master ovs-system state UP mode DEFAULT group default qlen 1000
    link/ether 26:8d:7d:d2:b1:f3 brd ff:ff:ff:ff:ff:ff
3459: ctrl-br: <BROADCAST,MULTICAST> mtu 1500 qdisc noop state DOWN mode DEFAULT group default qlen 1000
    link/ether b4:9c:df:f3:3a:d9 brd ff:ff:ff:ff:ff:ff
3461: veth0115d8b@if3460: <BROADCAST,MULTICAST,UP,LOWER_UP> mtu 1500 qdisc noqueue master docker0 state UP mode DEFAULT group default 
    link/ether 32:d5:47:5a:3a:d5 brd ff:ff:ff:ff:ff:ff link-netnsid 0
3462: pri: <BROADCAST,MULTICAST> mtu 1500 qdisc noop state DOWN mode DEFAULT group default qlen 1000
    link/ether 64:5a:ed:f3:45:fa brd ff:ff:ff:ff:ff:ff
3472: vetheae429e@if3471: <BROADCAST,MULTICAST,UP,LOWER_UP> mtu 1500 qdisc noqueue master docker0 state UP mode DEFAULT group default 
    link/ether e2:ab:cf:f7:71:28 brd ff:ff:ff:ff:ff:ff link-netnsid 3
3474: pri-eth40@if3473: <BROADCAST,MULTICAST,UP,LOWER_UP> mtu 1500 qdisc noqueue master ovs-system state UP mode DEFAULT group default qlen 1000
    link/ether 6a:b5:fc:9c:a8:c7 brd ff:ff:ff:ff:ff:ff link-netnsid 3
3476: pri-eth41@if3475: <BROADCAST,MULTICAST,UP,LOWER_UP> mtu 1500 qdisc noqueue master ovs-system state UP mode DEFAULT group default qlen 1000
    link/ether 5e:c7:5d:f3:ed:5c brd ff:ff:ff:ff:ff:ff link-netnsid 4
3477: mirror-4-ext@mirror-4: <BROADCAST,MULTICAST,UP,LOWER_UP> mtu 1500 qdisc noqueue state UP mode DEFAULT group default qlen 1000
    link/ether 6a:c3:74:1e:f1:7e brd ff:ff:ff:ff:ff:ff
3478: mirror-4@mirror-4-ext: <BROADCAST,MULTICAST,UP,LOWER_UP> mtu 1500 qdisc noqueue master ovs-system state UP mode DEFAULT group default qlen 1000
    link/ether d6:70:c8:e8:f3:ff brd ff:ff:ff:ff:ff:ff
3031: mirror-5-ext@mirror-5: <BROADCAST,MULTICAST,UP,LOWER_UP> mtu 1500 qdisc noqueue state UP mode DEFAULT group default qlen 1000
    link/ether d2:8a:3b:d7:04:ab brd ff:ff:ff:ff:ff:ff
3032: mirror-5@mirror-5-ext: <BROADCAST,MULTICAST,UP,LOWER_UP> mtu 1500 qdisc noqueue state UP mode DEFAULT group default qlen 1000
    link/ether b2:cd:8c:18:03:21 brd ff:ff:ff:ff:ff:ff
